

[INFO ] 2018-08-04 23:49:04,896 method:org.apache.zookeeper.ClientCnxn$SendThread.logStartConnect(ClientCnxn.java:1032)
Opening socket connection to server 10.1.1.179/10.1.1.179:2181. Will not attempt to authenticate using SASL (unknown error)


[WARN ] 2018-08-04 23:49:25,899 method:org.apache.zookeeper.ClientCnxn$SendThread.run(ClientCnxn.java:1162)
Session 0x164ff5aa4410011 for server null, unexpected error, closing socket connection and attempting reconnect
java.net.ConnectException: Connection timed out: no further information
	at sun.nio.ch.SocketChannelImpl.checkConnect(Native Method)
	at sun.nio.ch.SocketChannelImpl.finishConnect(SocketChannelImpl.java:744)
	at org.apache.zookeeper.ClientCnxnSocketNIO.doTransport(ClientCnxnSocketNIO.java:361)
	at org.apache.zookeeper.ClientCnxn$SendThread.run(ClientCnxn.java:1141)


[INFO ] 2018-08-04 23:49:27,946 method:org.apache.zookeeper.ClientCnxn$SendThread.logStartConnect(ClientCnxn.java:1032)
Opening socket connection to server 10.1.1.179/10.1.1.179:2181. Will not attempt to authenticate using SASL (unknown error)


[WARN ] 2018-08-04 23:49:48,948 method:org.apache.zookeeper.ClientCnxn$SendThread.run(ClientCnxn.java:1162)
Session 0x164ff5aa4410011 for server null, unexpected error, closing socket connection and attempting reconnect
java.net.ConnectException: Connection timed out: no further information
	at sun.nio.ch.SocketChannelImpl.checkConnect(Native Method)
	at sun.nio.ch.SocketChannelImpl.finishConnect(SocketChannelImpl.java:744)
	at org.apache.zookeeper.ClientCnxnSocketNIO.doTransport(ClientCnxnSocketNIO.java:361)
	at org.apache.zookeeper.ClientCnxn$SendThread.run(ClientCnxn.java:1141)


[INFO ] 2018-08-04 23:49:50,578 method:org.apache.zookeeper.ClientCnxn$SendThread.logStartConnect(ClientCnxn.java:1032)
Opening socket connection to server 10.1.1.179/10.1.1.179:2181. Will not attempt to authenticate using SASL (unknown error)


[WARN ] 2018-08-04 23:50:11,581 method:org.apache.zookeeper.ClientCnxn$SendThread.run(ClientCnxn.java:1162)
Session 0x164ff5aa4410011 for server null, unexpected error, closing socket connection and attempting reconnect
java.net.ConnectException: Connection timed out: no further information
	at sun.nio.ch.SocketChannelImpl.checkConnect(Native Method)
	at sun.nio.ch.SocketChannelImpl.finishConnect(SocketChannelImpl.java:744)
	at org.apache.zookeeper.ClientCnxnSocketNIO.doTransport(ClientCnxnSocketNIO.java:361)
	at org.apache.zookeeper.ClientCnxn$SendThread.run(ClientCnxn.java:1141)


[INFO ] 2018-08-04 23:50:13,606 method:org.apache.zookeeper.ClientCnxn$SendThread.logStartConnect(ClientCnxn.java:1032)
Opening socket connection to server 10.1.1.179/10.1.1.179:2181. Will not attempt to authenticate using SASL (unknown error)


[WARN ] 2018-08-04 23:50:34,609 method:org.apache.zookeeper.ClientCnxn$SendThread.run(ClientCnxn.java:1162)
Session 0x164ff5aa4410011 for server null, unexpected error, closing socket connection and attempting reconnect
java.net.ConnectException: Connection timed out: no further information
	at sun.nio.ch.SocketChannelImpl.checkConnect(Native Method)
	at sun.nio.ch.SocketChannelImpl.finishConnect(SocketChannelImpl.java:744)
	at org.apache.zookeeper.ClientCnxnSocketNIO.doTransport(ClientCnxnSocketNIO.java:361)
	at org.apache.zookeeper.ClientCnxn$SendThread.run(ClientCnxn.java:1141)


[INFO ] 2018-08-04 23:50:36,509 method:org.apache.zookeeper.ClientCnxn$SendThread.logStartConnect(ClientCnxn.java:1032)
Opening socket connection to server 10.1.1.179/10.1.1.179:2181. Will not attempt to authenticate using SASL (unknown error)


[WARN ] 2018-08-04 23:50:57,512 method:org.apache.zookeeper.ClientCnxn$SendThread.run(ClientCnxn.java:1162)
Session 0x164ff5aa4410011 for server null, unexpected error, closing socket connection and attempting reconnect
java.net.ConnectException: Connection timed out: no further information
	at sun.nio.ch.SocketChannelImpl.checkConnect(Native Method)
	at sun.nio.ch.SocketChannelImpl.finishConnect(SocketChannelImpl.java:744)
	at org.apache.zookeeper.ClientCnxnSocketNIO.doTransport(ClientCnxnSocketNIO.java:361)
	at org.apache.zookeeper.ClientCnxn$SendThread.run(ClientCnxn.java:1141)


[INFO ] 2018-08-04 23:50:59,037 method:org.apache.zookeeper.ClientCnxn$SendThread.logStartConnect(ClientCnxn.java:1032)
Opening socket connection to server 10.1.1.179/10.1.1.179:2181. Will not attempt to authenticate using SASL (unknown error)


[WARN ] 2018-08-04 23:51:20,040 method:org.apache.zookeeper.ClientCnxn$SendThread.run(ClientCnxn.java:1162)
Session 0x164ff5aa4410011 for server null, unexpected error, closing socket connection and attempting reconnect
java.net.ConnectException: Connection timed out: no further information
	at sun.nio.ch.SocketChannelImpl.checkConnect(Native Method)
	at sun.nio.ch.SocketChannelImpl.finishConnect(SocketChannelImpl.java:744)
	at org.apache.zookeeper.ClientCnxnSocketNIO.doTransport(ClientCnxnSocketNIO.java:361)
	at org.apache.zookeeper.ClientCnxn$SendThread.run(ClientCnxn.java:1141)


[INFO ] 2018-08-04 23:51:21,581 method:org.apache.zookeeper.ClientCnxn$SendThread.logStartConnect(ClientCnxn.java:1032)
Opening socket connection to server 10.1.1.179/10.1.1.179:2181. Will not attempt to authenticate using SASL (unknown error)


[WARN ] 2018-08-04 23:51:42,584 method:org.apache.zookeeper.ClientCnxn$SendThread.run(ClientCnxn.java:1162)
Session 0x164ff5aa4410011 for server null, unexpected error, closing socket connection and attempting reconnect
java.net.ConnectException: Connection timed out: no further information
	at sun.nio.ch.SocketChannelImpl.checkConnect(Native Method)
	at sun.nio.ch.SocketChannelImpl.finishConnect(SocketChannelImpl.java:744)
	at org.apache.zookeeper.ClientCnxnSocketNIO.doTransport(ClientCnxnSocketNIO.java:361)
	at org.apache.zookeeper.ClientCnxn$SendThread.run(ClientCnxn.java:1141)


[INFO ] 2018-08-04 23:51:43,958 method:org.apache.zookeeper.ClientCnxn$SendThread.logStartConnect(ClientCnxn.java:1032)
Opening socket connection to server 10.1.1.179/10.1.1.179:2181. Will not attempt to authenticate using SASL (unknown error)


[WARN ] 2018-08-04 23:52:04,961 method:org.apache.zookeeper.ClientCnxn$SendThread.run(ClientCnxn.java:1162)
Session 0x164ff5aa4410011 for server null, unexpected error, closing socket connection and attempting reconnect
java.net.ConnectException: Connection timed out: no further information
	at sun.nio.ch.SocketChannelImpl.checkConnect(Native Method)
	at sun.nio.ch.SocketChannelImpl.finishConnect(SocketChannelImpl.java:744)
	at org.apache.zookeeper.ClientCnxnSocketNIO.doTransport(ClientCnxnSocketNIO.java:361)
	at org.apache.zookeeper.ClientCnxn$SendThread.run(ClientCnxn.java:1141)


[INFO ] 2018-08-04 23:52:06,744 method:org.apache.zookeeper.ClientCnxn$SendThread.logStartConnect(ClientCnxn.java:1032)
Opening socket connection to server 10.1.1.179/10.1.1.179:2181. Will not attempt to authenticate using SASL (unknown error)


[WARN ] 2018-08-04 23:52:27,747 method:org.apache.zookeeper.ClientCnxn$SendThread.run(ClientCnxn.java:1162)
Session 0x164ff5aa4410011 for server null, unexpected error, closing socket connection and attempting reconnect
java.net.ConnectException: Connection timed out: no further information
	at sun.nio.ch.SocketChannelImpl.checkConnect(Native Method)
	at sun.nio.ch.SocketChannelImpl.finishConnect(SocketChannelImpl.java:744)
	at org.apache.zookeeper.ClientCnxnSocketNIO.doTransport(ClientCnxnSocketNIO.java:361)
	at org.apache.zookeeper.ClientCnxn$SendThread.run(ClientCnxn.java:1141)


[INFO ] 2018-08-04 23:52:29,640 method:org.apache.zookeeper.ClientCnxn$SendThread.logStartConnect(ClientCnxn.java:1032)
Opening socket connection to server 10.1.1.179/10.1.1.179:2181. Will not attempt to authenticate using SASL (unknown error)


[WARN ] 2018-08-04 23:52:50,644 method:org.apache.zookeeper.ClientCnxn$SendThread.run(ClientCnxn.java:1162)
Session 0x164ff5aa4410011 for server null, unexpected error, closing socket connection and attempting reconnect
java.net.ConnectException: Connection timed out: no further information
	at sun.nio.ch.SocketChannelImpl.checkConnect(Native Method)
	at sun.nio.ch.SocketChannelImpl.finishConnect(SocketChannelImpl.java:744)
	at org.apache.zookeeper.ClientCnxnSocketNIO.doTransport(ClientCnxnSocketNIO.java:361)
	at org.apache.zookeeper.ClientCnxn$SendThread.run(ClientCnxn.java:1141)


[INFO ] 2018-08-04 23:52:52,676 method:org.apache.zookeeper.ClientCnxn$SendThread.logStartConnect(ClientCnxn.java:1032)
Opening socket connection to server 10.1.1.179/10.1.1.179:2181. Will not attempt to authenticate using SASL (unknown error)


[WARN ] 2018-08-04 23:53:13,680 method:org.apache.zookeeper.ClientCnxn$SendThread.run(ClientCnxn.java:1162)
Session 0x164ff5aa4410011 for server null, unexpected error, closing socket connection and attempting reconnect
java.net.ConnectException: Connection timed out: no further information
	at sun.nio.ch.SocketChannelImpl.checkConnect(Native Method)
	at sun.nio.ch.SocketChannelImpl.finishConnect(SocketChannelImpl.java:744)
	at org.apache.zookeeper.ClientCnxnSocketNIO.doTransport(ClientCnxnSocketNIO.java:361)
	at org.apache.zookeeper.ClientCnxn$SendThread.run(ClientCnxn.java:1141)


[INFO ] 2018-08-04 23:53:15,378 method:org.apache.zookeeper.ClientCnxn$SendThread.logStartConnect(ClientCnxn.java:1032)
Opening socket connection to server 10.1.1.179/10.1.1.179:2181. Will not attempt to authenticate using SASL (unknown error)


[WARN ] 2018-08-04 23:53:36,382 method:org.apache.zookeeper.ClientCnxn$SendThread.run(ClientCnxn.java:1162)
Session 0x164ff5aa4410011 for server null, unexpected error, closing socket connection and attempting reconnect
java.net.ConnectException: Connection timed out: no further information
	at sun.nio.ch.SocketChannelImpl.checkConnect(Native Method)
	at sun.nio.ch.SocketChannelImpl.finishConnect(SocketChannelImpl.java:744)
	at org.apache.zookeeper.ClientCnxnSocketNIO.doTransport(ClientCnxnSocketNIO.java:361)
	at org.apache.zookeeper.ClientCnxn$SendThread.run(ClientCnxn.java:1141)


[INFO ] 2018-08-04 23:53:38,469 method:org.apache.zookeeper.ClientCnxn$SendThread.logStartConnect(ClientCnxn.java:1032)
Opening socket connection to server 10.1.1.179/10.1.1.179:2181. Will not attempt to authenticate using SASL (unknown error)


[WARN ] 2018-08-04 23:53:59,470 method:org.apache.zookeeper.ClientCnxn$SendThread.run(ClientCnxn.java:1162)
Session 0x164ff5aa4410011 for server null, unexpected error, closing socket connection and attempting reconnect
java.net.ConnectException: Connection timed out: no further information
	at sun.nio.ch.SocketChannelImpl.checkConnect(Native Method)
	at sun.nio.ch.SocketChannelImpl.finishConnect(SocketChannelImpl.java:744)
	at org.apache.zookeeper.ClientCnxnSocketNIO.doTransport(ClientCnxnSocketNIO.java:361)
	at org.apache.zookeeper.ClientCnxn$SendThread.run(ClientCnxn.java:1141)


[INFO ] 2018-08-04 23:54:01,289 method:org.apache.zookeeper.ClientCnxn$SendThread.logStartConnect(ClientCnxn.java:1032)
Opening socket connection to server 10.1.1.179/10.1.1.179:2181. Will not attempt to authenticate using SASL (unknown error)


[WARN ] 2018-08-04 23:54:22,291 method:org.apache.zookeeper.ClientCnxn$SendThread.run(ClientCnxn.java:1162)
Session 0x164ff5aa4410011 for server null, unexpected error, closing socket connection and attempting reconnect
java.net.ConnectException: Connection timed out: no further information
	at sun.nio.ch.SocketChannelImpl.checkConnect(Native Method)
	at sun.nio.ch.SocketChannelImpl.finishConnect(SocketChannelImpl.java:744)
	at org.apache.zookeeper.ClientCnxnSocketNIO.doTransport(ClientCnxnSocketNIO.java:361)
	at org.apache.zookeeper.ClientCnxn$SendThread.run(ClientCnxn.java:1141)


[INFO ] 2018-08-04 23:54:24,216 method:org.apache.zookeeper.ClientCnxn$SendThread.logStartConnect(ClientCnxn.java:1032)
Opening socket connection to server 10.1.1.179/10.1.1.179:2181. Will not attempt to authenticate using SASL (unknown error)


[WARN ] 2018-08-04 23:54:45,219 method:org.apache.zookeeper.ClientCnxn$SendThread.run(ClientCnxn.java:1162)
Session 0x164ff5aa4410011 for server null, unexpected error, closing socket connection and attempting reconnect
java.net.ConnectException: Connection timed out: no further information
	at sun.nio.ch.SocketChannelImpl.checkConnect(Native Method)
	at sun.nio.ch.SocketChannelImpl.finishConnect(SocketChannelImpl.java:744)
	at org.apache.zookeeper.ClientCnxnSocketNIO.doTransport(ClientCnxnSocketNIO.java:361)
	at org.apache.zookeeper.ClientCnxn$SendThread.run(ClientCnxn.java:1141)


[INFO ] 2018-08-04 23:54:47,079 method:org.apache.zookeeper.ClientCnxn$SendThread.logStartConnect(ClientCnxn.java:1032)
Opening socket connection to server 10.1.1.179/10.1.1.179:2181. Will not attempt to authenticate using SASL (unknown error)


[WARN ] 2018-08-04 23:55:08,083 method:org.apache.zookeeper.ClientCnxn$SendThread.run(ClientCnxn.java:1162)
Session 0x164ff5aa4410011 for server null, unexpected error, closing socket connection and attempting reconnect
java.net.ConnectException: Connection timed out: no further information
	at sun.nio.ch.SocketChannelImpl.checkConnect(Native Method)
	at sun.nio.ch.SocketChannelImpl.finishConnect(SocketChannelImpl.java:744)
	at org.apache.zookeeper.ClientCnxnSocketNIO.doTransport(ClientCnxnSocketNIO.java:361)
	at org.apache.zookeeper.ClientCnxn$SendThread.run(ClientCnxn.java:1141)


[INFO ] 2018-08-04 23:55:09,344 method:org.apache.zookeeper.ClientCnxn$SendThread.logStartConnect(ClientCnxn.java:1032)
Opening socket connection to server 10.1.1.179/10.1.1.179:2181. Will not attempt to authenticate using SASL (unknown error)


[WARN ] 2018-08-04 23:55:30,347 method:org.apache.zookeeper.ClientCnxn$SendThread.run(ClientCnxn.java:1162)
Session 0x164ff5aa4410011 for server null, unexpected error, closing socket connection and attempting reconnect
java.net.ConnectException: Connection timed out: no further information
	at sun.nio.ch.SocketChannelImpl.checkConnect(Native Method)
	at sun.nio.ch.SocketChannelImpl.finishConnect(SocketChannelImpl.java:744)
	at org.apache.zookeeper.ClientCnxnSocketNIO.doTransport(ClientCnxnSocketNIO.java:361)
	at org.apache.zookeeper.ClientCnxn$SendThread.run(ClientCnxn.java:1141)


[INFO ] 2018-08-04 23:55:31,806 method:org.apache.zookeeper.ClientCnxn$SendThread.logStartConnect(ClientCnxn.java:1032)
Opening socket connection to server 10.1.1.179/10.1.1.179:2181. Will not attempt to authenticate using SASL (unknown error)


[WARN ] 2018-08-04 23:55:52,809 method:org.apache.zookeeper.ClientCnxn$SendThread.run(ClientCnxn.java:1162)
Session 0x164ff5aa4410011 for server null, unexpected error, closing socket connection and attempting reconnect
java.net.ConnectException: Connection timed out: no further information
	at sun.nio.ch.SocketChannelImpl.checkConnect(Native Method)
	at sun.nio.ch.SocketChannelImpl.finishConnect(SocketChannelImpl.java:744)
	at org.apache.zookeeper.ClientCnxnSocketNIO.doTransport(ClientCnxnSocketNIO.java:361)
	at org.apache.zookeeper.ClientCnxn$SendThread.run(ClientCnxn.java:1141)


[INFO ] 2018-08-04 23:55:54,210 method:org.apache.zookeeper.ClientCnxn$SendThread.logStartConnect(ClientCnxn.java:1032)
Opening socket connection to server 10.1.1.179/10.1.1.179:2181. Will not attempt to authenticate using SASL (unknown error)


[WARN ] 2018-08-04 23:56:15,213 method:org.apache.zookeeper.ClientCnxn$SendThread.run(ClientCnxn.java:1162)
Session 0x164ff5aa4410011 for server null, unexpected error, closing socket connection and attempting reconnect
java.net.ConnectException: Connection timed out: no further information
	at sun.nio.ch.SocketChannelImpl.checkConnect(Native Method)
	at sun.nio.ch.SocketChannelImpl.finishConnect(SocketChannelImpl.java:744)
	at org.apache.zookeeper.ClientCnxnSocketNIO.doTransport(ClientCnxnSocketNIO.java:361)
	at org.apache.zookeeper.ClientCnxn$SendThread.run(ClientCnxn.java:1141)


[INFO ] 2018-08-04 23:56:16,416 method:org.apache.zookeeper.ClientCnxn$SendThread.logStartConnect(ClientCnxn.java:1032)
Opening socket connection to server 10.1.1.179/10.1.1.179:2181. Will not attempt to authenticate using SASL (unknown error)
